==================================================================
ALL STATUS STUDIO - MISSING/INCOMPLETE ITEMS DEBUG LOG
==================================================================
Generated: $(date)

==================================================================
CATEGORY 1: MISSING BINARY ASSETS
==================================================================

REASON: Binary files cannot be generated via text-based tools

1. LAUNCHER ICONS:
   ❌ app/src/main/res/mipmap-*/ic_launcher.png (all densities)
   ❌ app/src/main/res/mipmap-*/ic_launcher_round.png (all densities)
   STATUS: Placeholder adaptive icons created
   ACTION: Replace with actual PNG icons before release

2. LOTTIE ANIMATIONS:
   ❌ onboarding_1.json (proper animation)
   ❌ onboarding_2.json (proper animation)
   ❌ onboarding_3.json (proper animation)
   ❌ onboarding_4.json (proper animation)
   STATUS: Empty JSON placeholders created
   ACTION: Add actual Lottie animation JSON files

3. TEMPLATE ASSETS:
   ❌ app/src/main/assets/templates/*.png
   ❌ app/src/main/assets/templates/*.mp4
   STATUS: Referenced in templates.json but not included
   ACTION: Add template images/videos to assets folder

==================================================================
CATEGORY 2: VIEWBINDING CLASSES
==================================================================

REASON: Auto-generated during Gradle build

The following binding classes are referenced but will be
generated automatically during the first build:

✓ ActivityOnboardingBinding
✓ ActivityMainBinding
✓ ActivityWhatsappBinding
✓ ActivityGalleryBinding
✓ ActivityEditorBinding
✓ ActivityTemplatesBinding
✓ ActivityCaptionBinding
✓ ActivitySchedulerBinding
✓ ActivityCleanerBinding
✓ ActivityVaultBinding
✓ ActivityAppLockBinding
✓ ActivitySettingsBinding
✓ ItemStatusBinding
✓ ItemGalleryBinding
✓ ItemTemplateBinding
✓ ItemCaptionBinding
✓ ItemCleanerBinding
✓ ItemOnboardingSlideBinding

STATUS: Normal - will be created by Gradle
ACTION: No action needed

==================================================================
CATEGORY 3: GRADLE WRAPPER JAR
==================================================================

REASON: Binary file, should be downloaded by Gradle

❌ gradle/wrapper/gradle-wrapper.jar
STATUS: Missing (normally downloaded automatically)
ACTION: Run ./gradlew wrapper or sync in Android Studio

==================================================================
CATEGORY 4: LOCAL CONFIGURATION
==================================================================

REASON: Machine-specific, should not be in version control

❌ local.properties
CONTENT NEEDED:
sdk.dir=/path/to/Android/sdk

STATUS: User must create
ACTION: Create local.properties with your Android SDK path

==================================================================
CATEGORY 5: BUILD OUTPUTS
==================================================================

REASON: Generated during build process

❌ app/build/ directory
❌ .gradle/ directory
❌ build/ directory
❌ *.iml files
❌ .idea/ directory

STATUS: Will be created during build
ACTION: No action needed

==================================================================
CATEGORY 6: OPTIONAL ENHANCEMENTS
==================================================================

Items that would improve the app but are not required for build:

1. STICKERS & FRAMES:
   ❌ Sticker PNG files for editor
   ❌ Frame PNG files for editor
   STATUS: Feature exists in code but no assets
   ACTION: Add sticker/frame PNG files to assets

2. FONTS:
   ❌ Custom font files (.ttf/.otf)
   STATUS: Using system fonts
   ACTION: Add custom fonts for text editor feature

3. SOUND EFFECTS:
   ❌ Button click sounds
   ❌ Success/error sounds
   STATUS: No audio feedback
   ACTION: Add sound effect files (optional)

4. ADDITIONAL LOCALIZATION:
   ⚠️ strings.xml only in English
   ⚠️ values-hi/ created but empty
   ⚠️ values-es/ created but empty
   STATUS: Partial implementation
   ACTION: Add translated strings for Hindi and Spanish

==================================================================
CATEGORY 7: PRODUCTION REQUIREMENTS
==================================================================

Items needed before releasing to Google Play:

1. SIGNING CONFIGURATION:
   ❌ Keystore file (.jks)
   ❌ Signing config in build.gradle
   ACTION: Create release keystore and configure signing

2. ADMOB IDS:
   ⚠️ Using test Ad IDs
   ACTION: Register app with AdMob and replace test IDs

3. APP ICON:
   ⚠️ Using placeholder icons
   ACTION: Design and add professional app icon

4. PRIVACY POLICY URL:
   ⚠️ Currently using local HTML file
   ACTION: Host privacy policy online and update link

5. PROMO GRAPHICS:
   ❌ Feature graphic (1024x500)
   ❌ Screenshots (phone & tablet)
   ❌ Promo video
   ACTION: Create Play Store listing assets

==================================================================
CATEGORY 8: CODE COMPLETENESS
==================================================================

AREAS WITH PLACEHOLDER/STUB IMPLEMENTATIONS:

1. OpenCV Filters:
   FILE: ImageUtils.kt:71
   FUNCTION: applyFilter()
   STATUS: Returns original bitmap
   ACTION: Implement actual OpenCV filter algorithms

2. Template Opening:
   FILES: Various activities
   STATUS: Intent extras configured but loading not fully implemented
   ACTION: Implement template loading and application

3. Collection Feature:
   MENTIONED: In requirements
   STATUS: Not implemented
   ACTION: Add collection management feature

4. Decoy PIN:
   MENTIONED: In requirements (AppLockActivity)
   STATUS: Not implemented
   ACTION: Add decoy PIN feature

==================================================================
SUMMARY
==================================================================

CRITICAL (Build-blocking): 0 items
HIGH PRIORITY (Feature-incomplete): 8 items
MEDIUM PRIORITY (Enhancement): 5 items
LOW PRIORITY (Polish): 7 items

OVERALL STATUS: ✅ PROJECT IS BUILDABLE

The project structure is complete and should build successfully
in Android Studio. Missing items are primarily:
- Binary assets (icons, animations, templates)
- Production configuration (signing, AdMob IDs)
- Optional enhancements

==================================================================
